Jul 05, 2021 11:59:50 AM FilePackerUnpacker main
INFO: Application Started, Now Creating frame for login window
Jul 05, 2021 11:59:50 AM FilePackerUnpackerLogin initialize
INFO: Creating login window..
Jul 05, 2021 11:59:50 AM FilePackerUnpackerLogin initialize
INFO: Login window created..
Jul 05, 2021 12:00:24 PM RegisterUser <init>
INFO: User Entered into Register window
Jul 05, 2021 12:00:24 PM RegisterUser <init>
INFO: User exiting from Register Window
Jul 05, 2021 12:00:32 PM FilePackerUnpackerFront <init>
INFO: To the window of File Packer Unpacker Front
Jul 05, 2021 12:00:32 PM FilePackerUnpackerFront <init>
INFO: Moving from window of File Packer Unpacker Front
Jul 05, 2021 12:00:36 PM FilePackerUnpackerFront <init>
INFO: To the window of File Packer Unpacker Front
Jul 05, 2021 12:00:36 PM FilePackerUnpackerFront <init>
INFO: Moving from window of File Packer Unpacker Front
Jul 05, 2021 12:00:38 PM FilePackerUnpackerFront <init>
INFO: To the window of File Packer Unpacker Front
Jul 05, 2021 12:00:38 PM FilePackerUnpackerFront <init>
INFO: Moving from window of File Packer Unpacker Front
Jul 05, 2021 12:00:39 PM FilePackerFront <init>
INFO: To the window of File Packer Front
Jul 05, 2021 12:00:39 PM FilePackerFront <init>
INFO: Moving from window of File Packer Front
